<?xml version="1.0" encoding="UTF-8"?>
<testng-results ignored="0" total="1" passed="1" failed="0" skipped="0">
  <reporter-output>
    <line>
      <![CDATA[TEst case Started tc2]]>
    </line>
    <line>
      <![CDATA[Test case Executed Sucessfully tc2]]>
    </line>
  </reporter-output>
  <suite started-at="2023-11-25T18:43:02 IST" name="Default suite" finished-at="2023-11-25T18:43:53 IST" duration-ms="51718">
    <groups>
    </groups>
    <test started-at="2023-11-25T18:43:02 IST" name="Default test" finished-at="2023-11-25T18:43:53 IST" duration-ms="51718">
      <class name="com.parlr.TestCases.Tc2Test">
        <test-method is-config="true" signature="openApp()[pri:0, instance:com.parlr.TestCases.Tc2Test@5677323c]" started-at="2023-11-25T18:43:02 IST" name="openApp" finished-at="2023-11-25T18:43:15 IST" duration-ms="12923" status="PASS">
          <reporter-output>
          </reporter-output>
        </test-method> <!-- openApp -->
        <test-method is-config="true" signature="login()[pri:0, instance:com.parlr.TestCases.Tc2Test@5677323c]" started-at="2023-11-25T18:43:15 IST" name="login" finished-at="2023-11-25T18:43:24 IST" duration-ms="8494" status="PASS">
          <reporter-output>
          </reporter-output>
        </test-method> <!-- login -->
        <test-method signature="tc2()[pri:0, instance:com.parlr.TestCases.Tc2Test@5677323c]" started-at="2023-11-25T18:43:24 IST" name="tc2" finished-at="2023-11-25T18:43:51 IST" duration-ms="27350" status="PASS">
          <reporter-output>
            <line>
              <![CDATA[TEst case Started tc2]]>
            </line>
            <line>
              <![CDATA[Test case Executed Sucessfully tc2]]>
            </line>
          </reporter-output>
        </test-method> <!-- tc2 -->
        <test-method is-config="true" signature="logout()[pri:0, instance:com.parlr.TestCases.Tc2Test@5677323c]" started-at="2023-11-25T18:43:51 IST" name="logout" finished-at="2023-11-25T18:43:53 IST" duration-ms="2046" status="PASS">
          <reporter-output>
          </reporter-output>
        </test-method> <!-- logout -->
        <test-method is-config="true" signature="CloseApp()[pri:0, instance:com.parlr.TestCases.Tc2Test@5677323c]" started-at="2023-11-25T18:43:53 IST" name="CloseApp" finished-at="2023-11-25T18:43:53 IST" duration-ms="218" status="PASS">
          <reporter-output>
          </reporter-output>
        </test-method> <!-- CloseApp -->
      </class> <!-- com.parlr.TestCases.Tc2Test -->
    </test> <!-- Default test -->
  </suite> <!-- Default suite -->
</testng-results>
