<?xml version="1.0" encoding="UTF-8"?>
<testng-results ignored="0" total="1" passed="1" failed="0" skipped="0">
  <reporter-output>
    <line>
      <![CDATA[TEst case Started tc1]]>
    </line>
    <line>
      <![CDATA[Test case Executed Sucessfully tc1]]>
    </line>
  </reporter-output>
  <suite started-at="2023-12-20T10:54:51 IST" name="Default suite" finished-at="2023-12-20T10:55:44 IST" duration-ms="53664">
    <groups>
    </groups>
    <test started-at="2023-12-20T10:54:51 IST" name="Default test" finished-at="2023-12-20T10:55:44 IST" duration-ms="53664">
      <class name="com.parlr.TestCases.Tc1Test">
        <test-method is-config="true" signature="openApp()[pri:0, instance:com.parlr.TestCases.Tc1Test@5677323c]" started-at="2023-12-20T10:54:52 IST" name="openApp" finished-at="2023-12-20T10:55:02 IST" duration-ms="10776" status="PASS">
          <reporter-output>
          </reporter-output>
        </test-method> <!-- openApp -->
        <test-method is-config="true" signature="login()[pri:0, instance:com.parlr.TestCases.Tc1Test@5677323c]" started-at="2023-12-20T10:55:03 IST" name="login" finished-at="2023-12-20T10:55:20 IST" duration-ms="17102" status="PASS">
          <reporter-output>
          </reporter-output>
        </test-method> <!-- login -->
        <test-method signature="tc1()[pri:0, instance:com.parlr.TestCases.Tc1Test@5677323c]" started-at="2023-12-20T10:55:20 IST" name="tc1" finished-at="2023-12-20T10:55:42 IST" duration-ms="22505" status="PASS">
          <reporter-output>
            <line>
              <![CDATA[TEst case Started tc1]]>
            </line>
            <line>
              <![CDATA[Test case Executed Sucessfully tc1]]>
            </line>
          </reporter-output>
        </test-method> <!-- tc1 -->
        <test-method is-config="true" signature="logout()[pri:0, instance:com.parlr.TestCases.Tc1Test@5677323c]" started-at="2023-12-20T10:55:42 IST" name="logout" finished-at="2023-12-20T10:55:44 IST" duration-ms="2059" status="PASS">
          <reporter-output>
          </reporter-output>
        </test-method> <!-- logout -->
        <test-method is-config="true" signature="CloseApp()[pri:0, instance:com.parlr.TestCases.Tc1Test@5677323c]" started-at="2023-12-20T10:55:44 IST" name="CloseApp" finished-at="2023-12-20T10:55:44 IST" duration-ms="226" status="PASS">
          <reporter-output>
          </reporter-output>
        </test-method> <!-- CloseApp -->
      </class> <!-- com.parlr.TestCases.Tc1Test -->
    </test> <!-- Default test -->
  </suite> <!-- Default suite -->
</testng-results>
